<?xml version="1.0" encoding="UTF-8"?>
<testsuite xmlns:xsi="http://www.w3.org/2001/XMLSchema-instance" xsi:noNamespaceSchemaLocation="https://maven.apache.org/surefire/maven-surefire-plugin/xsd/surefire-test-report.xsd" name="DemoBankingApp.ChequeProcessingTests" time="15.948" tests="53" errors="0" skipped="0" failures="0">
  <properties>
    <property name="sun.desktop" value="windows"/>
    <property name="awt.toolkit" value="sun.awt.windows.WToolkit"/>
    <property name="file.encoding.pkg" value="sun.io"/>
    <property name="java.specification.version" value="1.8"/>
    <property name="sun.cpu.isalist" value="amd64"/>
    <property name="sun.jnu.encoding" value="Cp1252"/>
    <property name="java.class.path" value="C:\Github\TestBrainBankDemo\target\test-classes;C:\Github\TestBrainBankDemo\target\classes;C:\Users\james\.m2\repository\org\junit\jupiter\junit-jupiter-api\5.4.2\junit-jupiter-api-5.4.2.jar;C:\Users\james\.m2\repository\org\apiguardian\apiguardian-api\1.0.0\apiguardian-api-1.0.0.jar;C:\Users\james\.m2\repository\org\opentest4j\opentest4j\1.1.1\opentest4j-1.1.1.jar;C:\Users\james\.m2\repository\org\junit\platform\junit-platform-commons\1.4.2\junit-platform-commons-1.4.2.jar;C:\Users\james\.m2\repository\org\junit\jupiter\junit-jupiter-params\5.4.2\junit-jupiter-params-5.4.2.jar;C:\Users\james\.m2\repository\junit\junit\4.12\junit-4.12.jar;C:\Users\james\.m2\repository\org\hamcrest\hamcrest-core\1.3\hamcrest-core-1.3.jar;C:\Users\james\.m2\repository\org\junit\jupiter\junit-jupiter-engine\5.4.2\junit-jupiter-engine-5.4.2.jar;C:\Users\james\.m2\repository\org\junit\platform\junit-platform-engine\1.4.2\junit-platform-engine-1.4.2.jar;C:\Users\james\.m2\repository\org\junit\vintage\junit-vintage-engine\5.4.2\junit-vintage-engine-5.4.2.jar;"/>
    <property name="java.vm.vendor" value="Oracle Corporation"/>
    <property name="sun.arch.data.model" value="64"/>
    <property name="user.variant" value=""/>
    <property name="java.vendor.url" value="http://java.oracle.com/"/>
    <property name="user.timezone" value="America/Los_Angeles"/>
    <property name="java.vm.specification.version" value="1.8"/>
    <property name="os.name" value="Windows 10"/>
    <property name="user.country" value="NZ"/>
    <property name="sun.java.launcher" value="SUN_STANDARD"/>
    <property name="sun.boot.library.path" value="C:\Program Files\Java\jdk1.8.0_131\jre\bin"/>
    <property name="sun.java.command" value="C:\Users\james\AppData\Local\Temp\surefire6593154632510446371\surefirebooter3069911796679084934.jar C:\Users\james\AppData\Local\Temp\surefire6593154632510446371 2020-02-21T22-10-00_868-jvmRun1 surefire1314177295186301136tmp surefire_07738592268651691566tmp"/>
    <property name="surefire.test.class.path" value="C:\Github\TestBrainBankDemo\target\test-classes;C:\Github\TestBrainBankDemo\target\classes;C:\Users\james\.m2\repository\org\junit\jupiter\junit-jupiter-api\5.4.2\junit-jupiter-api-5.4.2.jar;C:\Users\james\.m2\repository\org\apiguardian\apiguardian-api\1.0.0\apiguardian-api-1.0.0.jar;C:\Users\james\.m2\repository\org\opentest4j\opentest4j\1.1.1\opentest4j-1.1.1.jar;C:\Users\james\.m2\repository\org\junit\platform\junit-platform-commons\1.4.2\junit-platform-commons-1.4.2.jar;C:\Users\james\.m2\repository\org\junit\jupiter\junit-jupiter-params\5.4.2\junit-jupiter-params-5.4.2.jar;C:\Users\james\.m2\repository\junit\junit\4.12\junit-4.12.jar;C:\Users\james\.m2\repository\org\hamcrest\hamcrest-core\1.3\hamcrest-core-1.3.jar;C:\Users\james\.m2\repository\org\junit\jupiter\junit-jupiter-engine\5.4.2\junit-jupiter-engine-5.4.2.jar;C:\Users\james\.m2\repository\org\junit\platform\junit-platform-engine\1.4.2\junit-platform-engine-1.4.2.jar;C:\Users\james\.m2\repository\org\junit\vintage\junit-vintage-engine\5.4.2\junit-vintage-engine-5.4.2.jar;"/>
    <property name="sun.cpu.endian" value="little"/>
    <property name="user.home" value="C:\Users\james"/>
    <property name="user.language" value="en"/>
    <property name="java.specification.vendor" value="Oracle Corporation"/>
    <property name="java.home" value="C:\Program Files\Java\jdk1.8.0_131\jre"/>
    <property name="basedir" value="C:\Github\TestBrainBankDemo"/>
    <property name="file.separator" value="\"/>
    <property name="line.separator" value="&#10;"/>
    <property name="java.vm.specification.vendor" value="Oracle Corporation"/>
    <property name="java.specification.name" value="Java Platform API Specification"/>
    <property name="java.awt.graphicsenv" value="sun.awt.Win32GraphicsEnvironment"/>
    <property name="surefire.real.class.path" value="C:\Users\james\AppData\Local\Temp\surefire6593154632510446371\surefirebooter3069911796679084934.jar"/>
    <property name="sun.boot.class.path" value="C:\Program Files\Java\jdk1.8.0_131\jre\lib\resources.jar;C:\Program Files\Java\jdk1.8.0_131\jre\lib\rt.jar;C:\Program Files\Java\jdk1.8.0_131\jre\lib\sunrsasign.jar;C:\Program Files\Java\jdk1.8.0_131\jre\lib\jsse.jar;C:\Program Files\Java\jdk1.8.0_131\jre\lib\jce.jar;C:\Program Files\Java\jdk1.8.0_131\jre\lib\charsets.jar;C:\Program Files\Java\jdk1.8.0_131\jre\lib\jfr.jar;C:\Program Files\Java\jdk1.8.0_131\jre\classes"/>
    <property name="user.script" value=""/>
    <property name="sun.management.compiler" value="HotSpot 64-Bit Tiered Compilers"/>
    <property name="java.runtime.version" value="1.8.0_131-b11"/>
    <property name="user.name" value="james"/>
    <property name="path.separator" value=";"/>
    <property name="os.version" value="10.0"/>
    <property name="java.endorsed.dirs" value="C:\Program Files\Java\jdk1.8.0_131\jre\lib\endorsed"/>
    <property name="java.runtime.name" value="Java(TM) SE Runtime Environment"/>
    <property name="file.encoding" value="Cp1252"/>
    <property name="java.vm.name" value="Java HotSpot(TM) 64-Bit Server VM"/>
    <property name="localRepository" value="C:\Users\james\.m2\repository"/>
    <property name="java.vendor.url.bug" value="http://bugreport.sun.com/bugreport/"/>
    <property name="java.io.tmpdir" value="C:\Users\james\AppData\Local\Temp\"/>
    <property name="java.version" value="1.8.0_131"/>
    <property name="user.dir" value="C:\Github\TestBrainBankDemo"/>
    <property name="os.arch" value="amd64"/>
    <property name="java.vm.specification.name" value="Java Virtual Machine Specification"/>
    <property name="java.awt.printerjob" value="sun.awt.windows.WPrinterJob"/>
    <property name="sun.os.patch.level" value=""/>
    <property name="java.library.path" value="C:\Program Files\Java\jdk1.8.0_131\jre\bin;C:\WINDOWS\Sun\Java\bin;C:\WINDOWS\system32;C:\WINDOWS;C:\ProgramData\DockerDesktop\version-bin;C:\Program Files\Docker\Docker\Resources\bin;C:\Program Files (x86)\Intel\iCLS Client\;C:\ProgramData\Oracle\Java\javapath;C:\Program Files\Intel\iCLS Client\;C:\Windows\system32;C:\Windows;C:\Windows\System32\Wbem;C:\Windows\System32\WindowsPowerShell\v1.0\;C:\Program Files (x86)\NVIDIA Corporation\PhysX\Common;C:\Program Files\Java\jdk1.8.0_131\bin;C:\Program Files\Intel\WiFi\bin\;C:\Program Files\Common Files\Intel\WirelessCommon\;C:\WINDOWS\system32;C:\WINDOWS;C:\WINDOWS\System32\Wbem;C:\WINDOWS\System32\WindowsPowerShell\v1.0\;C:\Program Files (x86)\Intel\Intel(R) Management Engine Components\DAL;C:\Program Files\Intel\Intel(R) Management Engine Components\DAL;C:\Program Files (x86)\Intel\Intel(R) Management Engine Components\IPT;C:\Program Files\Intel\Intel(R) Management Engine Components\IPT;C:\WINDOWS\System32\OpenSSH\;C:\Program Files\nodejs\;C:\Program Files\PuTTY\;C:\apache\apache-maven-3.5.0\bin;C:\apache\apache-ant-1.10.5\bin;C:\gradle-5.6.2\bin;C:\Program Files\NVIDIA Corporation\NVIDIA NvDLISR;C:\Users\james\AppData\Local\Programs\Python\Python38;C:\Program Files\Perforce;C:\Users\james\AppData\Local\Programs\Python\Python38\Scripts;C:\Program Files (x86)\Windows Kits\10\bin\10.0.18362.0\x86;C:\Program Files (x86)\Microsoft Visual Studio\2019\BuildTools\VC\Tools\MSVC\14.24.28314\bin\Hostx64\x64;C:\Program Files (x86)\Microsoft Visual Studio\2019\BuildTools\VC\Tools\MSVC\14.24.28314\include;C:\Program Files (x86)\Windows Kits\8.1\Windows Performance Toolkit\;C:\g++\MinGW\bin;C:\GitTFS\GitTfs-0.30.0;C:\Program Files\Git\cmd;C:\WINDOWS\system32\config\systemprofile\.dnx\bin;C:\Program Files\Microsoft DNX\Dnvm\;C:\Program Files\Microsoft SQL Server\130\Tools\Binn\;C:\Program Files (x86)\Microsoft Visual Studio 14.0\Common7\IDE;C:\Program Files (x86)\Microsoft Team Foundation Server 2015 Power Tools\;C:\Ruby26-x64\bin;C:\Users\james\AppData\Local\Microsoft\WindowsApps;C:\Program Files\Java\jdk1.8.0_131\bin;C:\Users\james\AppData\Roaming\npm;C:\Users\james\AppData\Local\Programs\Microsoft VS Code\bin;C:\Users\james\AppData\Local\GitHubDesktop\bin;."/>
    <property name="java.vm.info" value="mixed mode"/>
    <property name="java.vendor" value="Oracle Corporation"/>
    <property name="java.vm.version" value="25.131-b11"/>
    <property name="java.ext.dirs" value="C:\Program Files\Java\jdk1.8.0_131\jre\lib\ext;C:\WINDOWS\Sun\Java\lib\ext"/>
    <property name="sun.io.unicode.encoding" value="UnicodeLittle"/>
    <property name="java.class.version" value="52.0"/>
  </properties>
  <testcase name="ChequeProcessingAdditionalTest[1]" classname="DemoBankingApp.ChequeProcessingTests" time="0.257"/>
  <testcase name="ChequeProcessingAdditionalTest[2]" classname="DemoBankingApp.ChequeProcessingTests" time="0.3"/>
  <testcase name="ChequeProcessingAdditionalTest[3]" classname="DemoBankingApp.ChequeProcessingTests" time="0.304"/>
  <testcase name="ChequeProcessingAdditionalTest[4]" classname="DemoBankingApp.ChequeProcessingTests" time="0.304"/>
  <testcase name="ChequeProcessingAdditionalTest[5]" classname="DemoBankingApp.ChequeProcessingTests" time="0.304"/>
  <testcase name="ChequeProcessingAdditionalTest[6]" classname="DemoBankingApp.ChequeProcessingTests" time="0.3"/>
  <testcase name="ChequeProcessingAdditionalTest[7]" classname="DemoBankingApp.ChequeProcessingTests" time="0.3"/>
  <testcase name="ChequeProcessingAdditionalTest[8]" classname="DemoBankingApp.ChequeProcessingTests" time="0.3"/>
  <testcase name="ChequeProcessingAdditionalTest[9]" classname="DemoBankingApp.ChequeProcessingTests" time="0.304"/>
  <testcase name="ChequeProcessingAdditionalTest[10]" classname="DemoBankingApp.ChequeProcessingTests" time="0.304"/>
  <testcase name="ChequeProcessingAdditionalTest[11]" classname="DemoBankingApp.ChequeProcessingTests" time="0.301"/>
  <testcase name="ChequeProcessingAdditionalTest[12]" classname="DemoBankingApp.ChequeProcessingTests" time="0.3"/>
  <testcase name="ChequeProcessingAdditionalTest[13]" classname="DemoBankingApp.ChequeProcessingTests" time="0.304"/>
  <testcase name="ChequeProcessingAdditionalTest[14]" classname="DemoBankingApp.ChequeProcessingTests" time="0.301"/>
  <testcase name="ChequeProcessingAdditionalTest[15]" classname="DemoBankingApp.ChequeProcessingTests" time="0.3"/>
  <testcase name="ChequeProcessingAdditionalTest[16]" classname="DemoBankingApp.ChequeProcessingTests" time="0.304"/>
  <testcase name="ChequeProcessingAdditionalTest[17]" classname="DemoBankingApp.ChequeProcessingTests" time="0.304"/>
  <testcase name="ChequeProcessingAdditionalTest[18]" classname="DemoBankingApp.ChequeProcessingTests" time="0.303"/>
  <testcase name="ChequeProcessingAdditionalTest[19]" classname="DemoBankingApp.ChequeProcessingTests" time="0.304"/>
  <testcase name="ChequeProcessingAdditionalTest[20]" classname="DemoBankingApp.ChequeProcessingTests" time="0.301"/>
  <testcase name="ChequeProcessingAdditionalTest[21]" classname="DemoBankingApp.ChequeProcessingTests" time="0.3"/>
  <testcase name="ChequeProcessingAdditionalTest[22]" classname="DemoBankingApp.ChequeProcessingTests" time="0.303"/>
  <testcase name="ChequeProcessingAdditionalTest[23]" classname="DemoBankingApp.ChequeProcessingTests" time="0.301"/>
  <testcase name="ChequeProcessingAdditionalTest[24]" classname="DemoBankingApp.ChequeProcessingTests" time="0.304"/>
  <testcase name="ChequeProcessingAdditionalTest[25]" classname="DemoBankingApp.ChequeProcessingTests" time="0.301"/>
  <testcase name="ChequeProcessingAdditionalTest[26]" classname="DemoBankingApp.ChequeProcessingTests" time="0.304"/>
  <testcase name="ChequeProcessingAdditionalTest[27]" classname="DemoBankingApp.ChequeProcessingTests" time="0.304"/>
  <testcase name="ChequeProcessingAdditionalTest[28]" classname="DemoBankingApp.ChequeProcessingTests" time="0.3"/>
  <testcase name="ChequeProcessingAdditionalTest[29]" classname="DemoBankingApp.ChequeProcessingTests" time="0.304"/>
  <testcase name="ChequeProcessingAdditionalTest[30]" classname="DemoBankingApp.ChequeProcessingTests" time="0.3"/>
  <testcase name="ChequeProcessingAdditionalTest[31]" classname="DemoBankingApp.ChequeProcessingTests" time="0.304"/>
  <testcase name="ChequeProcessingAdditionalTest[32]" classname="DemoBankingApp.ChequeProcessingTests" time="0.3"/>
  <testcase name="ChequeProcessingAdditionalTest[33]" classname="DemoBankingApp.ChequeProcessingTests" time="0.3"/>
  <testcase name="ChequeProcessingAdditionalTest[34]" classname="DemoBankingApp.ChequeProcessingTests" time="0.3"/>
  <testcase name="ChequeProcessingAdditionalTest[35]" classname="DemoBankingApp.ChequeProcessingTests" time="0.3"/>
  <testcase name="ChequeProcessingAdditionalTest[36]" classname="DemoBankingApp.ChequeProcessingTests" time="0.3"/>
  <testcase name="ChequeProcessingAdditionalTest[37]" classname="DemoBankingApp.ChequeProcessingTests" time="0.3"/>
  <testcase name="ChequeProcessingAdditionalTest[38]" classname="DemoBankingApp.ChequeProcessingTests" time="0.3"/>
  <testcase name="ChequeProcessingAdditionalTest[39]" classname="DemoBankingApp.ChequeProcessingTests" time="0.304"/>
  <testcase name="ChequeProcessingAdditionalTest[40]" classname="DemoBankingApp.ChequeProcessingTests" time="0.304"/>
  <testcase name="ChequeProcessingAdditionalTest[41]" classname="DemoBankingApp.ChequeProcessingTests" time="0.3"/>
  <testcase name="ChequeProcessingAdditionalTest[42]" classname="DemoBankingApp.ChequeProcessingTests" time="0.3"/>
  <testcase name="ChequeProcessingAdditionalTest[43]" classname="DemoBankingApp.ChequeProcessingTests" time="0.3"/>
  <testcase name="ChequeProcessingAdditionalTest[44]" classname="DemoBankingApp.ChequeProcessingTests" time="0.304"/>
  <testcase name="ChequeProcessingAdditionalTest[45]" classname="DemoBankingApp.ChequeProcessingTests" time="0.301"/>
  <testcase name="ChequeProcessingAdditionalTest[46]" classname="DemoBankingApp.ChequeProcessingTests" time="0.3"/>
  <testcase name="ChequeProcessingAdditionalTest[47]" classname="DemoBankingApp.ChequeProcessingTests" time="0.302"/>
  <testcase name="ChequeProcessingAdditionalTest[48]" classname="DemoBankingApp.ChequeProcessingTests" time="0.304"/>
  <testcase name="ChequeProcessingAdditionalTest[49]" classname="DemoBankingApp.ChequeProcessingTests" time="0.3"/>
  <testcase name="ChequeProcessingAdditionalTest[50]" classname="DemoBankingApp.ChequeProcessingTests" time="0.3"/>
  <testcase name="ChequeProcessingAdditionalTest[51]" classname="DemoBankingApp.ChequeProcessingTests" time="0.3"/>
  <testcase name="ChequeProcessingAdditionalTest[52]" classname="DemoBankingApp.ChequeProcessingTests" time="0.301"/>
  <testcase name="ChequeProcessingAdditionalTest[53]" classname="DemoBankingApp.ChequeProcessingTests" time="0.304"/>
</testsuite>